2019-06-30 22:57:45 +0000  Initial pipeline context: <IDEDistributionProcessingPipelineContext: 0x7f967746b090; archive(resolved)='<IDEArchive: 0x7f96772c8130>', distributionTask(resolved)='2', distributionDestination(resolved)='2', distributionMethod(resolved)='<IDEDistributionMethodiOSAppStoreDistribution: 0x7f96a1cb9680>', team(resolved)='<IDEProvisioningDisambiguatableBasicTeam: 0x7f968f1d76b0; teamID='5D66GV6LYZ', teamName='Felipe Mesquita', teamType='Individual', username='lipemesq@gmail.com', isFreeProvisioningTeam='0'>'>
	Chain (13, self inclusive):
	<IDEDistributionProcessingPipelineContext: 0x7f967746b090; archive = '<IDEArchive: 0x7f96772c8130>', distributionMethod='<IDEDistributionMethodiOSAppStoreDistribution: 0x7f96a1cb9680>', team='<IDEProvisioningDisambiguatableBasicTeam: 0x7f968f1d76b0; teamID='5D66GV6LYZ', teamName='Felipe Mesquita', teamType='Individual', username='lipemesq@gmail.com', isFreeProvisioningTeam='0'>'>
	<IDEDistributionProcessingPipelineContext: 0x7f96769a0f80; archive = '<IDEArchive: 0x7f96772c8130>', distributionMethod='<IDEDistributionMethodiOSAppStoreDistribution: 0x7f96a1cb9680>', team='<IDEProvisioningDisambiguatableBasicTeam: 0x7f968f1d76b0; teamID='5D66GV6LYZ', teamName='Felipe Mesquita', teamType='Individual', username='lipemesq@gmail.com', isFreeProvisioningTeam='0'>'>
	<IDEDistributionContext: 0x7f969e87b460; archive = '<IDEArchive: 0x7f96772c8130>', distributionMethod='<IDEDistributionMethodiOSAppStoreDistribution: 0x7f96a1cb9680>', team='<IDEProvisioningDisambiguatableBasicTeam: 0x7f968f1d76b0; teamID='5D66GV6LYZ', teamName='Felipe Mesquita', teamType='Individual', username='lipemesq@gmail.com', isFreeProvisioningTeam='0'>'>
	<IDEDistributionContext: 0x7f9677373570; archive = '<IDEArchive: 0x7f96772c8130>', distributionMethod='<IDEDistributionMethodiOSAppStoreDistribution: 0x7f96a1cb9680>', team='<IDEProvisioningDisambiguatableBasicTeam: 0x7f968f1d76b0; teamID='5D66GV6LYZ', teamName='Felipe Mesquita', teamType='Individual', username='lipemesq@gmail.com', isFreeProvisioningTeam='0'>'>
	<IDEDistributionContext: 0x7f96760f7340; archive = '<IDEArchive: 0x7f96772c8130>', distributionMethod='<IDEDistributionMethodiOSAppStoreDistribution: 0x7f96a1cb9680>', team='<IDEProvisioningDisambiguatableBasicTeam: 0x7f968f1d76b0; teamID='5D66GV6LYZ', teamName='Felipe Mesquita', teamType='Individual', username='lipemesq@gmail.com', isFreeProvisioningTeam='0'>'>
	<IDEDistributionContext: 0x7f96751d6790; archive = '<IDEArchive: 0x7f96772c8130>', distributionMethod='<IDEDistributionMethodiOSAppStoreDistribution: 0x7f96a1cb9680>', team='<IDEProvisioningDisambiguatableBasicTeam: 0x7f968f1d76b0; teamID='5D66GV6LYZ', teamName='Felipe Mesquita', teamType='Individual', username='lipemesq@gmail.com', isFreeProvisioningTeam='0'>'>
	<IDEDistributionContext: 0x7f967592e6d0; archive = '<IDEArchive: 0x7f96772c8130>', distributionMethod='<IDEDistributionMethodiOSAppStoreDistribution: 0x7f96a1cb9680>', team='<IDEProvisioningDisambiguatableBasicTeam: 0x7f968f1d76b0; teamID='5D66GV6LYZ', teamName='Felipe Mesquita', teamType='Individual', username='lipemesq@gmail.com', isFreeProvisioningTeam='0'>'>
	<IDEDistributionContext: 0x7f9677465fe0; archive = '<IDEArchive: 0x7f96772c8130>', distributionMethod='<IDEDistributionMethodiOSAppStoreDistribution: 0x7f96a1cb9680>', team='<IDEProvisioningDisambiguatableBasicTeam: 0x7f968f1d76b0; teamID='5D66GV6LYZ', teamName='Felipe Mesquita', teamType='Individual', username='lipemesq@gmail.com', isFreeProvisioningTeam='0'>'>
	<IDEDistributionContext: 0x7f96a2131d40; archive = '<IDEArchive: 0x7f96772c8130>', distributionMethod='<IDEDistributionMethodiOSAppStoreDistribution: 0x7f96a1cb9680>', team='<IDEProvisioningDisambiguatableBasicTeam: 0x7f968f1d76b0; teamID='5D66GV6LYZ', teamName='Felipe Mesquita', teamType='Individual', username='lipemesq@gmail.com', isFreeProvisioningTeam='0'>'>
	<IDEDistributionContext: 0x7f96755d14e0; archive = '<IDEArchive: 0x7f96772c8130>', distributionMethod='<IDEDistributionMethodiOSAppStoreDistribution: 0x7f96a1cb9680>', team='<IDEProvisioningDisambiguatableBasicTeam: 0x7f968f1d76b0; teamID='5D66GV6LYZ', teamName='Felipe Mesquita', teamType='Individual', username='lipemesq@gmail.com', isFreeProvisioningTeam='0'>'>
	<IDEDistributionContext: 0x7f96756028f0; archive = '<IDEArchive: 0x7f96772c8130>', distributionMethod='<IDEDistributionMethodiOSAppStoreDistribution: 0x7f96a1cb9680>', team='(null)'>
	<IDEDistributionContext: 0x7f9675f66fd0; archive = '<IDEArchive: 0x7f96772c8130>', distributionMethod='<IDEDistributionMethodiOSAppStoreDistribution: 0x7f96a1cb9680>', team='(null)'>
	<IDEDistributionContext: 0x7f9676058270; archive = '<IDEArchive: 0x7f96772c8130>', distributionMethod='(null)', team='(null)'>
</IDEDistributionProcessingPipelineContext: 0x7f967746b090>
2019-06-30 22:57:45 +0000  Processing step: IDEDistributionCreateDestRootStep
2019-06-30 22:57:45 +0000  Processing step: IDEDistributionCopyItemStep
2019-06-30 22:57:45 +0000  Running /usr/bin/ditto '-V' '/Users/felipemesquita/Library/Developer/Xcode/Archives/2019-06-30/seraQueOsDeusesNosAbencoarao 30-06-19 19.54.xcarchive/Products/Applications/seraQueOsDeusesNosAbencoarao.app' '/var/folders/83/xvngtxpx6xj3k64s7n7nnn500000gn/T/XcodeDistPipeline.~~~g8bZoS/Root/Payload/seraQueOsDeusesNosAbencoarao.app'
2019-06-30 22:57:45 +0000  >>> Copying /Users/felipemesquita/Library/Developer/Xcode/Archives/2019-06-30/seraQueOsDeusesNosAbencoarao 30-06-19 19.54.xcarchive/Products/Applications/seraQueOsDeusesNosAbencoarao.app 
2019-06-30 22:57:45 +0000  copying file ./_CodeSignature/CodeResources ... 
2019-06-30 22:57:45 +0000  11055 bytes for ./_CodeSignature/CodeResources
2019-06-30 22:57:45 +0000  copying file ./img35.jpg ... 
2019-06-30 22:57:45 +0000  37598 bytes for ./img35.jpg
2019-06-30 22:57:45 +0000  copying file ./Group@3x.png ... 
2019-06-30 22:57:45 +0000  157714 bytes for ./Group@3x.png
2019-06-30 22:57:45 +0000  copying file ./AppIcon60x60@2x.png ... 
2019-06-30 22:57:45 +0000  4340 bytes for ./AppIcon60x60@2x.png
copying file ./img40.jpg ... 
2019-06-30 22:57:45 +0000  64840 bytes for ./img40.jpg
2019-06-30 22:57:45 +0000  copying file ./img47.jpg ... 
2019-06-30 22:57:45 +0000  113472 bytes for ./img47.jpg
2019-06-30 22:57:45 +0000  copying file ./Base.lproj/Main.storyboardc/UITabBarController-Frs-iO-yhu.nib ... 
2019-06-30 22:57:45 +0000  3772 bytes for ./Base.lproj/Main.storyboardc/UITabBarController-Frs-iO-yhu.nib
2019-06-30 22:57:45 +0000  copying file ./Base.lproj/Main.storyboardc/id_escolheImagem.nib ... 
2019-06-30 22:57:45 +0000  1054 bytes for ./Base.lproj/Main.storyboardc/id_escolheImagem.nib
2019-06-30 22:57:45 +0000  copying file ./Base.lproj/Main.storyboardc/jc1-Gf-nxm-view-aco-EP-AJq.nib ... 
2019-06-30 22:57:45 +0000  4064 bytes for ./Base.lproj/Main.storyboardc/jc1-Gf-nxm-view-aco-EP-AJq.nib
2019-06-30 22:57:45 +0000  copying file ./Base.lproj/Main.storyboardc/id_editarNota.nib ... 
2019-06-30 22:57:45 +0000  1250 bytes for ./Base.lproj/Main.storyboardc/id_editarNota.nib
2019-06-30 22:57:45 +0000  copying file ./Base.lproj/Main.storyboardc/id_detalhes.nib ... 
2019-06-30 22:57:45 +0000  1567 bytes for ./Base.lproj/Main.storyboardc/id_detalhes.nib
2019-06-30 22:57:45 +0000  copying file ./Base.lproj/Main.storyboardc/bkg-8D-1zJ-view-scP-du-dji.nib ... 
2019-06-30 22:57:45 +0000  3255 bytes for ./Base.lproj/Main.storyboardc/bkg-8D-1zJ-view-scP-du-dji.nib
2019-06-30 22:57:45 +0000  copying file ./Base.lproj/Main.storyboardc/id_mesa.nib ... 
2019-06-30 22:57:45 +0000  1575 bytes for ./Base.lproj/Main.storyboardc/id_mesa.nib
2019-06-30 22:57:45 +0000  copying file ./Base.lproj/Main.storyboardc/vc_galeria.nib ... 
2019-06-30 22:57:45 +0000  1668 bytes for ./Base.lproj/Main.storyboardc/vc_galeria.nib
2019-06-30 22:57:45 +0000  copying file ./Base.lproj/Main.storyboardc/id_navGaleria.nib ... 
2019-06-30 22:57:45 +0000  2521 bytes for ./Base.lproj/Main.storyboardc/id_navGaleria.nib
2019-06-30 22:57:45 +0000  copying file ./Base.lproj/Main.storyboardc/HPP-dr-UbG-view-A9X-xv-6mg.nib ... 
2019-06-30 22:57:45 +0000  9692 bytes for ./Base.lproj/Main.storyboardc/HPP-dr-UbG-view-A9X-xv-6mg.nib
2019-06-30 22:57:45 +0000  copying file ./Base.lproj/Main.storyboardc/cpf-Ze-aEO-view-ZtU-CD-VKo.nib ... 
2019-06-30 22:57:45 +0000  3795 bytes for ./Base.lproj/Main.storyboardc/cpf-Ze-aEO-view-ZtU-CD-VKo.nib
2019-06-30 22:57:45 +0000  copying file ./Base.lproj/Main.storyboardc/id_zoomImg.nib ... 
2019-06-30 22:57:45 +0000  1199 bytes for ./Base.lproj/Main.storyboardc/id_zoomImg.nib
2019-06-30 22:57:45 +0000  copying file ./Base.lproj/Main.storyboardc/exj-o0-M2c-view-ZLr-ao-Xth.nib ... 
2019-06-30 22:57:45 +0000  4434 bytes for ./Base.lproj/Main.storyboardc/exj-o0-M2c-view-ZLr-ao-Xth.nib
2019-06-30 22:57:45 +0000  copying file ./Base.lproj/Main.storyboardc/pow.nib ... 
2019-06-30 22:57:45 +0000  1308 bytes for ./Base.lproj/Main.storyboardc/pow.nib
2019-06-30 22:57:45 +0000  copying file ./Base.lproj/Main.storyboardc/poL-dn-aq4-view-Xjg-7B-Tea.nib ... 
2019-06-30 22:57:45 +0000  6197 bytes for ./Base.lproj/Main.storyboardc/poL-dn-aq4-view-Xjg-7B-Tea.nib
2019-06-30 22:57:45 +0000  copying file ./Base.lproj/Main.storyboardc/Info.plist ... 
2019-06-30 22:57:45 +0000  507 bytes for ./Base.lproj/Main.storyboardc/Info.plist
2019-06-30 22:57:45 +0000  copying file ./Base.lproj/Main.storyboardc/uBW-RY-52T-view-7ex-pc-hLt.nib ... 
2019-06-30 22:57:45 +0000  3225 bytes for ./Base.lproj/Main.storyboardc/uBW-RY-52T-view-7ex-pc-hLt.nib
2019-06-30 22:57:45 +0000  copying file ./Base.lproj/LaunchScreen.storyboardc/01J-lp-oVM-view-Ze5-6b-2t3.nib ... 
2019-06-30 22:57:45 +0000  1136 bytes for ./Base.lproj/LaunchScreen.storyboardc/01J-lp-oVM-view-Ze5-6b-2t3.nib
2019-06-30 22:57:45 +0000  copying file ./Base.lproj/LaunchScreen.storyboardc/UIViewController-01J-lp-oVM.nib ... 
2019-06-30 22:57:45 +0000  832 bytes for ./Base.lproj/LaunchScreen.storyboardc/UIViewController-01J-lp-oVM.nib
2019-06-30 22:57:45 +0000  copying file ./Base.lproj/LaunchScreen.storyboardc/Info.plist ... 
2019-06-30 22:57:45 +0000  258 bytes for ./Base.lproj/LaunchScreen.storyboardc/Info.plist
2019-06-30 22:57:45 +0000  copying file ./img48.jpg ... 
2019-06-30 22:57:45 +0000  48722 bytes for ./img48.jpg
2019-06-30 22:57:45 +0000  copying file ./Assets.car ... 
2019-06-30 22:57:45 +0000  507208 bytes for ./Assets.car
2019-06-30 22:57:45 +0000  copying file ./seraQueOsDeusesNosAbencoarao ... 
2019-06-30 22:57:45 +0000  1472096 bytes for ./seraQueOsDeusesNosAbencoarao
2019-06-30 22:57:45 +0000  copying file ./seraQueOsDeusesNosAbencoarao.momd/seraQueOsDeusesNosAbencoarao.mom ... 
2019-06-30 22:57:45 +0000  4371 bytes for ./seraQueOsDeusesNosAbencoarao.momd/seraQueOsDeusesNosAbencoarao.mom
copying file ./seraQueOsDeusesNosAbencoarao.momd/VersionInfo.plist ... 
2019-06-30 22:57:45 +0000  503 bytes for ./seraQueOsDeusesNosAbencoarao.momd/VersionInfo.plist
2019-06-30 22:57:45 +0000  copying file ./seraQueOsDeusesNosAbencoarao.momd/seraQueOsDeusesNosAbencoarao.omo ... 
2019-06-30 22:57:45 +0000  10352 bytes for ./seraQueOsDeusesNosAbencoarao.momd/seraQueOsDeusesNosAbencoarao.omo
2019-06-30 22:57:45 +0000  copying file ./Frameworks/Hero.framework/_CodeSignature/CodeResources ... 
2019-06-30 22:57:45 +0000  1798 bytes for ./Frameworks/Hero.framework/_CodeSignature/CodeResources
2019-06-30 22:57:45 +0000  copying file ./Frameworks/Hero.framework/Hero ... 
2019-06-30 22:57:45 +0000  4074016 bytes for ./Frameworks/Hero.framework/Hero
2019-06-30 22:57:45 +0000  copying file ./Frameworks/Hero.framework/Info.plist ... 
732 bytes for ./Frameworks/Hero.framework/Info.plist
copying file ./embedded.mobileprovision ... 
2019-06-30 22:57:45 +0000  7576 bytes for ./embedded.mobileprovision
2019-06-30 22:57:45 +0000  copying file ./Info.plist ... 
2019-06-30 22:57:45 +0000  1733 bytes for ./Info.plist
copying file ./PkgInfo ... 
2019-06-30 22:57:45 +0000  8 bytes for ./PkgInfo
2019-06-30 22:57:45 +0000  /usr/bin/ditto exited with 0
2019-06-30 22:57:45 +0000  Processing step: IDEDistributionEmbedProfileStep
2019-06-30 22:57:45 +0000  Skipping profile for item: <IDEDistributionItem: 0x7f968f11ee20 'org.cocoapods.Hero' '<DVTFilePath:0x7f9677542740:'/Users/felipemesquita/Library/Developer/Xcode/Archives/2019-06-30/seraQueOsDeusesNosAbencoarao 30-06-19 19.54.xcarchive/Products/Applications/seraQueOsDeusesNosAbencoarao.app/Frameworks/Hero.framework'>'>
2019-06-30 22:57:45 +0000  Processing step: IDEDistributionItemRemovalStep
2019-06-30 22:57:45 +0000  Processing step: IDEDistributionAppThinningPlistStep
2019-06-30 22:57:45 +0000  Skipping step: IDEDistributionAppThinningPlistStep because it said so
2019-06-30 22:57:45 +0000  Processing step: IDEDistributionCompileBitcodeStep
2019-06-30 22:57:45 +0000  Skipping step: IDEDistributionCompileBitcodeStep because it said so
2019-06-30 22:57:45 +0000  Processing step: IDEDistributionCodeSlimmingStep
2019-06-30 22:57:45 +0000  Processing step: IDEDistributionCopyBCSymbolMapsStep
2019-06-30 22:57:45 +0000  Running /usr/bin/ditto '-V' '/Users/felipemesquita/Library/Developer/Xcode/Archives/2019-06-30/seraQueOsDeusesNosAbencoarao 30-06-19 19.54.xcarchive/BCSymbolMaps/315F4186-2324-33C5-9687-2C0B05532C0D.bcsymbolmap' '/var/folders/83/xvngtxpx6xj3k64s7n7nnn500000gn/T/XcodeDistPipeline.~~~g8bZoS/Root/BCSymbolMaps/315F4186-2324-33C5-9687-2C0B05532C0D.bcsymbolmap'
2019-06-30 22:57:45 +0000  >>> Copying /Users/felipemesquita/Library/Developer/Xcode/Archives/2019-06-30/seraQueOsDeusesNosAbencoarao 30-06-19 19.54.xcarchive/BCSymbolMaps/315F4186-2324-33C5-9687-2C0B05532C0D.bcsymbolmap 
2019-06-30 22:57:45 +0000  copying file ./315F4186-2324-33C5-9687-2C0B05532C0D.bcsymbolmap ... 
2019-06-30 22:57:45 +0000  270498 bytes for ./315F4186-2324-33C5-9687-2C0B05532C0D.bcsymbolmap
2019-06-30 22:57:45 +0000  /usr/bin/ditto exited with 0
2019-06-30 22:57:45 +0000  Running /usr/bin/ditto '-V' '/Users/felipemesquita/Library/Developer/Xcode/Archives/2019-06-30/seraQueOsDeusesNosAbencoarao 30-06-19 19.54.xcarchive/BCSymbolMaps/787E8FE5-C2BF-31E1-89F3-D91E2863478A.bcsymbolmap' '/var/folders/83/xvngtxpx6xj3k64s7n7nnn500000gn/T/XcodeDistPipeline.~~~g8bZoS/Root/BCSymbolMaps/787E8FE5-C2BF-31E1-89F3-D91E2863478A.bcsymbolmap'
2019-06-30 22:57:45 +0000  >>> Copying /Users/felipemesquita/Library/Developer/Xcode/Archives/2019-06-30/seraQueOsDeusesNosAbencoarao 30-06-19 19.54.xcarchive/BCSymbolMaps/787E8FE5-C2BF-31E1-89F3-D91E2863478A.bcsymbolmap 
2019-06-30 22:57:45 +0000  copying file ./787E8FE5-C2BF-31E1-89F3-D91E2863478A.bcsymbolmap ... 
2019-06-30 22:57:45 +0000  172027 bytes for ./787E8FE5-C2BF-31E1-89F3-D91E2863478A.bcsymbolmap
2019-06-30 22:57:45 +0000  /usr/bin/ditto exited with 0
2019-06-30 22:57:45 +0000  Processing step: IDEDistributionSymbolsStep
2019-06-30 22:57:45 +0000  Excluding symbols for Hero.framework
2019-06-30 22:57:45 +0000  Excluding symbols for seraQueOsDeusesNosAbencoarao.app
2019-06-30 22:57:45 +0000  Processing step: IDEDistributionCopyAppleProvidedContentStep
2019-06-30 22:57:45 +0000  Processing step: IDEDistributionAppThinningStep
2019-06-30 22:57:45 +0000  Skipping step: IDEDistributionAppThinningStep because it said so
2019-06-30 22:57:45 +0000  Processing step: IDEDistributionArchThinningStep
2019-06-30 22:57:45 +0000  Running /Applications/Xcode.app/Contents/Developer/Toolchains/XcodeDefault.xctoolchain/usr/bin/lipo '/var/folders/83/xvngtxpx6xj3k64s7n7nnn500000gn/T/XcodeDistPipeline.~~~g8bZoS/Root/Payload/seraQueOsDeusesNosAbencoarao.app/Frameworks/Hero.framework/Hero' '-verify_arch' 'arm64e'
2019-06-30 22:57:45 +0000  /Applications/Xcode.app/Contents/Developer/Toolchains/XcodeDefault.xctoolchain/usr/bin/lipo exited with 1
2019-06-30 22:57:45 +0000  Skipping architecture thinning for item "Hero" because arch "arm64e" wasn't found
2019-06-30 22:57:45 +0000  Running /Applications/Xcode.app/Contents/Developer/Toolchains/XcodeDefault.xctoolchain/usr/bin/lipo '/var/folders/83/xvngtxpx6xj3k64s7n7nnn500000gn/T/XcodeDistPipeline.~~~g8bZoS/Root/Payload/seraQueOsDeusesNosAbencoarao.app/seraQueOsDeusesNosAbencoarao' '-verify_arch' 'arm64e'
2019-06-30 22:57:45 +0000  /Applications/Xcode.app/Contents/Developer/Toolchains/XcodeDefault.xctoolchain/usr/bin/lipo exited with 1
2019-06-30 22:57:45 +0000  Skipping architecture thinning for item "seraQueOsDeusesNosAbencoarao" because arch "arm64e" wasn't found
2019-06-30 22:57:45 +0000  Processing step: IDEDistributionODRStep
2019-06-30 22:57:45 +0000  Processing step: IDEDistributionStripXattrsStep
2019-06-30 22:57:45 +0000  Skipping stripping extended attributes of item: <IDEDistributionItem: 0x7f968f11ee20 'org.cocoapods.Hero' '<DVTFilePath:0x7f9677542740:'/Users/felipemesquita/Library/Developer/Xcode/Archives/2019-06-30/seraQueOsDeusesNosAbencoarao 30-06-19 19.54.xcarchive/Products/Applications/seraQueOsDeusesNosAbencoarao.app/Frameworks/Hero.framework'>'>
2019-06-30 22:57:45 +0000  Running /usr/bin/xattr '-crs' '/var/folders/83/xvngtxpx6xj3k64s7n7nnn500000gn/T/XcodeDistPipeline.~~~g8bZoS/Root/Payload/seraQueOsDeusesNosAbencoarao.app'
2019-06-30 22:57:46 +0000  /usr/bin/xattr exited with 0
2019-06-30 22:57:46 +0000  Processing step: IDEDistributionCodesignStep
2019-06-30 22:57:46 +0000  Entitlements for <IDEDistributionItem: 0x7f968f11ee20 'org.cocoapods.Hero' '<DVTFilePath:0x7f9677542740:'/Users/felipemesquita/Library/Developer/Xcode/Archives/2019-06-30/seraQueOsDeusesNosAbencoarao 30-06-19 19.54.xcarchive/Products/Applications/seraQueOsDeusesNosAbencoarao.app/Frameworks/Hero.framework'>'>: {
}
2019-06-30 22:57:46 +0000  Writing entitlements for <IDEDistributionItem: 0x7f968f11ee20 'org.cocoapods.Hero' '<DVTFilePath:0x7f9677542740:'/Users/felipemesquita/Library/Developer/Xcode/Archives/2019-06-30/seraQueOsDeusesNosAbencoarao 30-06-19 19.54.xcarchive/Products/Applications/seraQueOsDeusesNosAbencoarao.app/Frameworks/Hero.framework'>'> to: /var/folders/83/xvngtxpx6xj3k64s7n7nnn500000gn/T/XcodeDistPipeline.~~~g8bZoS/entitlements~~~h29d8D
2019-06-30 22:57:46 +0000  Running /usr/bin/codesign '-vvv' '--force' '--sign' '4EC47BBB571D3DC0BB799AF39F4D9AD643700A51' '--entitlements' '/var/folders/83/xvngtxpx6xj3k64s7n7nnn500000gn/T/XcodeDistPipeline.~~~g8bZoS/entitlements~~~h29d8D' '--preserve-metadata=identifier,flags,runtime' '/var/folders/83/xvngtxpx6xj3k64s7n7nnn500000gn/T/XcodeDistPipeline.~~~g8bZoS/Root/Payload/seraQueOsDeusesNosAbencoarao.app/Frameworks/Hero.framework'
2019-06-30 22:57:46 +0000  /var/folders/83/xvngtxpx6xj3k64s7n7nnn500000gn/T/XcodeDistPipeline.~~~g8bZoS/Root/Payload/seraQueOsDeusesNosAbencoarao.app/Frameworks/Hero.framework: signed bundle with Mach-O universal (arm64) [org.cocoapods.Hero]
2019-06-30 22:57:46 +0000  /usr/bin/codesign exited with 0
2019-06-30 22:57:46 +0000  Entitlements for <IDEDistributionItem: 0x7f96758d17b0 'br.com.nagare.seraQueOsDeusesNosAbencoarao' '<DVTFilePath:0x7f967656bab0:'/Users/felipemesquita/Library/Developer/Xcode/Archives/2019-06-30/seraQueOsDeusesNosAbencoarao 30-06-19 19.54.xcarchive/Products/Applications/seraQueOsDeusesNosAbencoarao.app'>'>: {
    "application-identifier" = "5D66GV6LYZ.br.com.nagare.seraQueOsDeusesNosAbencoarao";
    "beta-reports-active" = 1;
    "com.apple.developer.team-identifier" = 5D66GV6LYZ;
    "get-task-allow" = 0;
    "keychain-access-groups" =     (
        "5D66GV6LYZ.br.com.nagare.seraQueOsDeusesNosAbencoarao"
    );
}
2019-06-30 22:57:46 +0000  Writing entitlements for <IDEDistributionItem: 0x7f96758d17b0 'br.com.nagare.seraQueOsDeusesNosAbencoarao' '<DVTFilePath:0x7f967656bab0:'/Users/felipemesquita/Library/Developer/Xcode/Archives/2019-06-30/seraQueOsDeusesNosAbencoarao 30-06-19 19.54.xcarchive/Products/Applications/seraQueOsDeusesNosAbencoarao.app'>'> to: /var/folders/83/xvngtxpx6xj3k64s7n7nnn500000gn/T/XcodeDistPipeline.~~~g8bZoS/entitlements~~~laqxly
2019-06-30 22:57:46 +0000  Running /usr/bin/codesign '-vvv' '--force' '--sign' '4EC47BBB571D3DC0BB799AF39F4D9AD643700A51' '--entitlements' '/var/folders/83/xvngtxpx6xj3k64s7n7nnn500000gn/T/XcodeDistPipeline.~~~g8bZoS/entitlements~~~laqxly' '--preserve-metadata=identifier,flags,runtime' '/var/folders/83/xvngtxpx6xj3k64s7n7nnn500000gn/T/XcodeDistPipeline.~~~g8bZoS/Root/Payload/seraQueOsDeusesNosAbencoarao.app'
2019-06-30 22:57:46 +0000  /var/folders/83/xvngtxpx6xj3k64s7n7nnn500000gn/T/XcodeDistPipeline.~~~g8bZoS/Root/Payload/seraQueOsDeusesNosAbencoarao.app: signed app bundle with Mach-O thin (arm64) [br.com.nagare.seraQueOsDeusesNosAbencoarao]
2019-06-30 22:57:46 +0000  /usr/bin/codesign exited with 0
2019-06-30 22:57:46 +0000  Processing step: IDEDistributionZipODRItemStep
2019-06-30 22:57:46 +0000  Skipping step: IDEDistributionZipODRItemStep because it said so
2019-06-30 22:57:46 +0000  Skipping step: IDEDistributionZipODRItemStep because it said so
2019-06-30 22:57:46 +0000  Processing step: IDEDistributionCreateIPAStep
2019-06-30 22:57:46 +0000  Running /usr/bin/ditto '-V' '-c' '-k' '--norsrc' '/var/folders/83/xvngtxpx6xj3k64s7n7nnn500000gn/T/XcodeDistPipeline.~~~g8bZoS/Root' '/var/folders/83/xvngtxpx6xj3k64s7n7nnn500000gn/T/XcodeDistPipeline.~~~g8bZoS/Packages/seraQueOsDeusesNosAbencoarao.ipa'
2019-06-30 22:57:46 +0000  >>> Copying /var/folders/83/xvngtxpx6xj3k64s7n7nnn500000gn/T/XcodeDistPipeline.~~~g8bZoS/Root 
2019-06-30 22:57:46 +0000  copying file ./BCSymbolMaps/787E8FE5-C2BF-31E1-89F3-D91E2863478A.bcsymbolmap ... 
2019-06-30 22:57:46 +0000  172027 bytes for ./BCSymbolMaps/787E8FE5-C2BF-31E1-89F3-D91E2863478A.bcsymbolmap
copying file ./BCSymbolMaps/315F4186-2324-33C5-9687-2C0B05532C0D.bcsymbolmap ... 
2019-06-30 22:57:46 +0000  270498 bytes for ./BCSymbolMaps/315F4186-2324-33C5-9687-2C0B05532C0D.bcsymbolmap
2019-06-30 22:57:46 +0000  copying file ./Payload/seraQueOsDeusesNosAbencoarao.app/_CodeSignature/CodeResources ... 
2019-06-30 22:57:46 +0000  11055 bytes for ./Payload/seraQueOsDeusesNosAbencoarao.app/_CodeSignature/CodeResources
copying file ./Payload/seraQueOsDeusesNosAbencoarao.app/img35.jpg ... 
2019-06-30 22:57:46 +0000  37598 bytes for ./Payload/seraQueOsDeusesNosAbencoarao.app/img35.jpg
copying file ./Payload/seraQueOsDeusesNosAbencoarao.app/Group@3x.png ... 
2019-06-30 22:57:46 +0000  157714 bytes for ./Payload/seraQueOsDeusesNosAbencoarao.app/Group@3x.png
copying file ./Payload/seraQueOsDeusesNosAbencoarao.app/AppIcon60x60@2x.png ... 
2019-06-30 22:57:46 +0000  4340 bytes for ./Payload/seraQueOsDeusesNosAbencoarao.app/AppIcon60x60@2x.png
copying file ./Payload/seraQueOsDeusesNosAbencoarao.app/img40.jpg ... 
2019-06-30 22:57:46 +0000  64840 bytes for ./Payload/seraQueOsDeusesNosAbencoarao.app/img40.jpg
copying file ./Payload/seraQueOsDeusesNosAbencoarao.app/img47.jpg ... 
2019-06-30 22:57:46 +0000  113472 bytes for ./Payload/seraQueOsDeusesNosAbencoarao.app/img47.jpg
2019-06-30 22:57:46 +0000  copying file ./Payload/seraQueOsDeusesNosAbencoarao.app/Base.lproj/Main.storyboardc/UITabBarController-Frs-iO-yhu.nib ... 
2019-06-30 22:57:46 +0000  3772 bytes for ./Payload/seraQueOsDeusesNosAbencoarao.app/Base.lproj/Main.storyboardc/UITabBarController-Frs-iO-yhu.nib
copying file ./Payload/seraQueOsDeusesNosAbencoarao.app/Base.lproj/Main.storyboardc/id_escolheImagem.nib ... 
1054 bytes for ./Payload/seraQueOsDeusesNosAbencoarao.app/Base.lproj/Main.storyboardc/id_escolheImagem.nib
copying file ./Payload/seraQueOsDeusesNosAbencoarao.app/Base.lproj/Main.storyboardc/jc1-Gf-nxm-view-aco-EP-AJq.nib ... 
2019-06-30 22:57:46 +0000  4064 bytes for ./Payload/seraQueOsDeusesNosAbencoarao.app/Base.lproj/Main.storyboardc/jc1-Gf-nxm-view-aco-EP-AJq.nib
copying file ./Payload/seraQueOsDeusesNosAbencoarao.app/Base.lproj/Main.storyboardc/id_editarNota.nib ... 
2019-06-30 22:57:46 +0000  1250 bytes for ./Payload/seraQueOsDeusesNosAbencoarao.app/Base.lproj/Main.storyboardc/id_editarNota.nib
copying file ./Payload/seraQueOsDeusesNosAbencoarao.app/Base.lproj/Main.storyboardc/id_detalhes.nib ... 
1567 bytes for ./Payload/seraQueOsDeusesNosAbencoarao.app/Base.lproj/Main.storyboardc/id_detalhes.nib
2019-06-30 22:57:46 +0000  copying file ./Payload/seraQueOsDeusesNosAbencoarao.app/Base.lproj/Main.storyboardc/bkg-8D-1zJ-view-scP-du-dji.nib ... 
3255 bytes for ./Payload/seraQueOsDeusesNosAbencoarao.app/Base.lproj/Main.storyboardc/bkg-8D-1zJ-view-scP-du-dji.nib
copying file ./Payload/seraQueOsDeusesNosAbencoarao.app/Base.lproj/Main.storyboardc/id_mesa.nib ... 
2019-06-30 22:57:46 +0000  1575 bytes for ./Payload/seraQueOsDeusesNosAbencoarao.app/Base.lproj/Main.storyboardc/id_mesa.nib
copying file ./Payload/seraQueOsDeusesNosAbencoarao.app/Base.lproj/Main.storyboardc/vc_galeria.nib ... 
2019-06-30 22:57:46 +0000  1668 bytes for ./Payload/seraQueOsDeusesNosAbencoarao.app/Base.lproj/Main.storyboardc/vc_galeria.nib
copying file ./Payload/seraQueOsDeusesNosAbencoarao.app/Base.lproj/Main.storyboardc/id_navGaleria.nib ... 
2521 bytes for ./Payload/seraQueOsDeusesNosAbencoarao.app/Base.lproj/Main.storyboardc/id_navGaleria.nib
copying file ./Payload/seraQueOsDeusesNosAbencoarao.app/Base.lproj/Main.storyboardc/HPP-dr-UbG-view-A9X-xv-6mg.nib ... 
2019-06-30 22:57:46 +0000  9692 bytes for ./Payload/seraQueOsDeusesNosAbencoarao.app/Base.lproj/Main.storyboardc/HPP-dr-UbG-view-A9X-xv-6mg.nib
copying file ./Payload/seraQueOsDeusesNosAbencoarao.app/Base.lproj/Main.storyboardc/cpf-Ze-aEO-view-ZtU-CD-VKo.nib ... 
2019-06-30 22:57:46 +0000  3795 bytes for ./Payload/seraQueOsDeusesNosAbencoarao.app/Base.lproj/Main.storyboardc/cpf-Ze-aEO-view-ZtU-CD-VKo.nib
2019-06-30 22:57:46 +0000  copying file ./Payload/seraQueOsDeusesNosAbencoarao.app/Base.lproj/Main.storyboardc/id_zoomImg.nib ... 
1199 bytes for ./Payload/seraQueOsDeusesNosAbencoarao.app/Base.lproj/Main.storyboardc/id_zoomImg.nib
copying file ./Payload/seraQueOsDeusesNosAbencoarao.app/Base.lproj/Main.storyboardc/exj-o0-M2c-view-ZLr-ao-Xth.nib ... 
2019-06-30 22:57:46 +0000  4434 bytes for ./Payload/seraQueOsDeusesNosAbencoarao.app/Base.lproj/Main.storyboardc/exj-o0-M2c-view-ZLr-ao-Xth.nib
copying file ./Payload/seraQueOsDeusesNosAbencoarao.app/Base.lproj/Main.storyboardc/pow.nib ... 
2019-06-30 22:57:46 +0000  1308 bytes for ./Payload/seraQueOsDeusesNosAbencoarao.app/Base.lproj/Main.storyboardc/pow.nib
copying file ./Payload/seraQueOsDeusesNosAbencoarao.app/Base.lproj/Main.storyboardc/poL-dn-aq4-view-Xjg-7B-Tea.nib ... 
2019-06-30 22:57:46 +0000  6197 bytes for ./Payload/seraQueOsDeusesNosAbencoarao.app/Base.lproj/Main.storyboardc/poL-dn-aq4-view-Xjg-7B-Tea.nib
2019-06-30 22:57:46 +0000  copying file ./Payload/seraQueOsDeusesNosAbencoarao.app/Base.lproj/Main.storyboardc/Info.plist ... 
507 bytes for ./Payload/seraQueOsDeusesNosAbencoarao.app/Base.lproj/Main.storyboardc/Info.plist
copying file ./Payload/seraQueOsDeusesNosAbencoarao.app/Base.lproj/Main.storyboardc/uBW-RY-52T-view-7ex-pc-hLt.nib ... 
2019-06-30 22:57:46 +0000  3225 bytes for ./Payload/seraQueOsDeusesNosAbencoarao.app/Base.lproj/Main.storyboardc/uBW-RY-52T-view-7ex-pc-hLt.nib
2019-06-30 22:57:46 +0000  copying file ./Payload/seraQueOsDeusesNosAbencoarao.app/Base.lproj/LaunchScreen.storyboardc/01J-lp-oVM-view-Ze5-6b-2t3.nib ... 
1136 bytes for ./Payload/seraQueOsDeusesNosAbencoarao.app/Base.lproj/LaunchScreen.storyboardc/01J-lp-oVM-view-Ze5-6b-2t3.nib
2019-06-30 22:57:46 +0000  copying file ./Payload/seraQueOsDeusesNosAbencoarao.app/Base.lproj/LaunchScreen.storyboardc/UIViewController-01J-lp-oVM.nib ... 
832 bytes for ./Payload/seraQueOsDeusesNosAbencoarao.app/Base.lproj/LaunchScreen.storyboardc/UIViewController-01J-lp-oVM.nib
copying file ./Payload/seraQueOsDeusesNosAbencoarao.app/Base.lproj/LaunchScreen.storyboardc/Info.plist ... 
2019-06-30 22:57:46 +0000  258 bytes for ./Payload/seraQueOsDeusesNosAbencoarao.app/Base.lproj/LaunchScreen.storyboardc/Info.plist
copying file ./Payload/seraQueOsDeusesNosAbencoarao.app/img48.jpg ... 
2019-06-30 22:57:46 +0000  48722 bytes for ./Payload/seraQueOsDeusesNosAbencoarao.app/img48.jpg
2019-06-30 22:57:46 +0000  copying file ./Payload/seraQueOsDeusesNosAbencoarao.app/Assets.car ... 
2019-06-30 22:57:46 +0000  507208 bytes for ./Payload/seraQueOsDeusesNosAbencoarao.app/Assets.car
copying file ./Payload/seraQueOsDeusesNosAbencoarao.app/seraQueOsDeusesNosAbencoarao ... 
2019-06-30 22:57:46 +0000  1236816 bytes for ./Payload/seraQueOsDeusesNosAbencoarao.app/seraQueOsDeusesNosAbencoarao
2019-06-30 22:57:46 +0000  copying file ./Payload/seraQueOsDeusesNosAbencoarao.app/seraQueOsDeusesNosAbencoarao.momd/seraQueOsDeusesNosAbencoarao.mom ... 
4371 bytes for ./Payload/seraQueOsDeusesNosAbencoarao.app/seraQueOsDeusesNosAbencoarao.momd/seraQueOsDeusesNosAbencoarao.mom
copying file ./Payload/seraQueOsDeusesNosAbencoarao.app/seraQueOsDeusesNosAbencoarao.momd/VersionInfo.plist ... 
2019-06-30 22:57:46 +0000  503 bytes for ./Payload/seraQueOsDeusesNosAbencoarao.app/seraQueOsDeusesNosAbencoarao.momd/VersionInfo.plist
copying file ./Payload/seraQueOsDeusesNosAbencoarao.app/seraQueOsDeusesNosAbencoarao.momd/seraQueOsDeusesNosAbencoarao.omo ... 
2019-06-30 22:57:46 +0000  10352 bytes for ./Payload/seraQueOsDeusesNosAbencoarao.app/seraQueOsDeusesNosAbencoarao.momd/seraQueOsDeusesNosAbencoarao.omo
copying file ./Payload/seraQueOsDeusesNosAbencoarao.app/Frameworks/Hero.framework/_CodeSignature/CodeResources ... 
2019-06-30 22:57:46 +0000  1798 bytes for ./Payload/seraQueOsDeusesNosAbencoarao.app/Frameworks/Hero.framework/_CodeSignature/CodeResources
copying file ./Payload/seraQueOsDeusesNosAbencoarao.app/Frameworks/Hero.framework/Hero ... 
2019-06-30 22:57:46 +0000  2909200 bytes for ./Payload/seraQueOsDeusesNosAbencoarao.app/Frameworks/Hero.framework/Hero
copying file ./Payload/seraQueOsDeusesNosAbencoarao.app/Frameworks/Hero.framework/Info.plist ... 
2019-06-30 22:57:46 +0000  732 bytes for ./Payload/seraQueOsDeusesNosAbencoarao.app/Frameworks/Hero.framework/Info.plist
copying file ./Payload/seraQueOsDeusesNosAbencoarao.app/embedded.mobileprovision ... 
7637 bytes for ./Payload/seraQueOsDeusesNosAbencoarao.app/embedded.mobileprovision
copying file ./Payload/seraQueOsDeusesNosAbencoarao.app/Info.plist ... 
1733 bytes for ./Payload/seraQueOsDeusesNosAbencoarao.app/Info.plist
copying file ./Payload/seraQueOsDeusesNosAbencoarao.app/PkgInfo ... 
8 bytes for ./Payload/seraQueOsDeusesNosAbencoarao.app/PkgInfo
2019-06-30 22:57:46 +0000  /usr/bin/ditto exited with 0
2019-06-30 22:57:46 +0000  Processing step: IDEDistributionAppStoreInformationStep
2019-06-30 22:57:46 +0000  Skipping step: IDEDistributionAppStoreInformationStep because it said so
2019-06-30 22:57:46 +0000  Processing step: IDEDistributionCreateManifestStep
2019-06-30 22:57:46 +0000  Skipping step: IDEDistributionCreateManifestStep because it said so
